 1. [U-14|ì‚¬ìš©ì, ì‹œìŠ¤í…œ ì‹œì‘íŒŒì¼ ë° í™˜ê²½íŒŒì¼ ì†Œìœ ì ë° ê¶Œí•œ ì„¤ì •]
	- Check result:	[0;92mSAFE[0m
	- Suggestion:	í™˜ê²½ë³€ìˆ˜ íŒŒì¼ ì†Œìœ ìê°€ root ë˜ëŠ” í•´ë‹¹ ì‚¬ìš©ìì´ê³ , ê¶Œí•œì´ 644 ì´í•˜
	- Current:	SAFE: /home/rocky/.bashrc (ì†Œìœ ì: rocky, ê¶Œí•œ: 644)
			SAFE: /home/rocky/.bash_profile (ì†Œìœ ì: rocky, ê¶Œí•œ: 644)
			SAFE: /home/rocky/.bash_logout (ì†Œìœ ì: rocky, ê¶Œí•œ: 644)
			SAFE: /home/rocky/.bash_history (ì†Œìœ ì: rocky, ê¶Œí•œ: 600)
			


 1. [U-14|ì‚¬ìš©ì, ì‹œìŠ¤í…œ ì‹œì‘íŒŒì¼ ë° í™˜ê²½íŒŒì¼ ì†Œìœ ì ë° ê¶Œí•œ ì„¤ì •]
	- Check result:	[0;92mSAFE[0m
	- Suggestion:	í™˜ê²½ë³€ìˆ˜ íŒŒì¼ ì†Œìœ ìê°€ root ë˜ëŠ” í•´ë‹¹ ì‚¬ìš©ìì´ê³ , ê¶Œí•œì´ 644 ì´í•˜
	- Current:	SAFE: /home/rocky/.bashrc (ì†Œìœ ì: rocky, ê¶Œí•œ: 644)
			SAFE: /home/rocky/.bash_profile (ì†Œìœ ì: rocky, ê¶Œí•œ: 644)
			SAFE: /home/rocky/.bash_logout (ì†Œìœ ì: rocky, ê¶Œí•œ: 644)
			SAFE: /home/rocky/.bash_history (ì†Œìœ ì: rocky, ê¶Œí•œ: 600)
			


 1. [U-14|ì‚¬ìš©ì, ì‹œìŠ¤í…œ ì‹œì‘íŒŒì¼ ë° í™˜ê²½íŒŒì¼ ì†Œìœ ì ë° ê¶Œí•œ ì„¤ì •]
	- Check result:	[0;92mSAFE[0m
	- Suggestion:	í™˜ê²½ë³€ìˆ˜ íŒŒì¼ ì†Œìœ ìê°€ root ë˜ëŠ” í•´ë‹¹ ì‚¬ìš©ìì´ê³ , ê¶Œí•œì´ 644 ì´í•˜
	- Current:	SAFE: /home/rocky/.bashrc (ì†Œìœ ì: rocky, ê¶Œí•œ: 644)
			SAFE: /home/rocky/.bash_profile (ì†Œìœ ì: rocky, ê¶Œí•œ: 644)
			SAFE: /home/rocky/.bash_logout (ì†Œìœ ì: rocky, ê¶Œí•œ: 644)
			SAFE: /home/rocky/.bash_history (ì†Œìœ ì: rocky, ê¶Œí•œ: 600)
			


 1. [U-14|ì‚¬ìš©ì, ì‹œìŠ¤í…œ ì‹œì‘íŒŒì¼ ë° í™˜ê²½íŒŒì¼ ì†Œìœ ì ë° ê¶Œí•œ ì„¤ì •]
	- Check result:	[0;92mSAFE[0m
	- Suggestion:	í™˜ê²½ë³€ìˆ˜ íŒŒì¼ ì†Œìœ ìê°€ root ë˜ëŠ” í•´ë‹¹ ì‚¬ìš©ìì´ê³ , ê¶Œí•œì´ 644 ì´í•˜
	- Current:	SAFE: /home/rocky/.bashrc (ì†Œìœ ì: rocky, ê¶Œí•œ: 644)
			SAFE: /home/rocky/.bash_profile (ì†Œìœ ì: rocky, ê¶Œí•œ: 644)
			SAFE: /home/rocky/.bash_logout (ì†Œìœ ì: rocky, ê¶Œí•œ: 644)
			SAFE: /home/rocky/.bash_history (ì†Œìœ ì: rocky, ê¶Œí•œ: 600)
			


