 1. [U-01|root ê³„ì • ì›ê²© ì ‘ì† ì œí•œ]
	- Check result:	[0;92mSAFE[0m
	- Suggestion:	PermitRootLogin no
	- Current:	#PermitRootLogin prohibit-password


 2. [U-02|íŒ¨ìŠ¤ì›Œë“œ ë³µì¡ì„± ì„¤ì •]
	- Check result:	[0;31mERROR[0m
	- Suggestion:	PermitRootLogin nominlen : 10
			dcredit : -1
			ucredit : -1
			lcredit : -1
			ocredit : -1
			
	- Current:	#PermitRootLogin prohibit-password


 3. [U-46|íŒ¨ìŠ¤ì›Œë“œ ìµœì†Œ ê¸¸ì´ ì„¤ì •]
	- Check result:	[0;31mERROR[0m
	- Suggestion:	10
	- Current:	#PermitRootLogin prohibit-password


 4. [U-47|íŒ¨ìŠ¤ì›Œë“œ ìµœëŒ€ ì‚¬ìš©ê¸°ê°„ ì„¤ì •]
	- Check result:	[0;93mWARN[0m
	- Suggestion:	90
	- Current:	99999


