 1. [U-01|root ê³„ì • ì›ê²© ì ‘ì† ì œí•œ]
	- Check result:	[0;92mSAFE[0m
	- Suggestion:	Set PermitRootLogin no or Comment
	- Current:	


 2. [U-02|íŒ¨ìŠ¤ì›Œë“œ ë³µì¡ì„± ì„¤ì •]
	- Check result:	[0;93mWARN:ì£¼ì„ ì²˜ë¦¬ í™•ì¸[0m
	- Suggestion:	minlen : 10
			dcredit : -1
			ucredit : -1
			lcredit : -1
			ocredit : -1
			
	- Current:	


 3. [U-03|ê³„ì • ì ê¸ˆ ì„ê³„ê°’ ì„¤ì •]
	- Check result:	[0;93mWARN:ì£¼ì„ ì²˜ë¦¬ í™•ì¸[0m
	- Suggestion:	5
	- Current:	


 4. [U-04|íŒ¨ìŠ¤ì›Œë“œ íŒŒì¼ ë³´í˜¸]
	- Check result:	[0;92mSAFE[0m
	- Suggestion:	28
	- Current:	28


 5. [U-45|root ê³„ì • su ì œí•œ]
	- Check result:	[0;93mWARN[0m
	- Suggestion:	The wheel group exists.
			pam_wheel.so configuration set
	- Current:	The wheel group exists.[0;31m
			pam_wheel.so configuration not set[0m


 6. [U-46|íŒ¨ìŠ¤ì›Œë“œ ìµœì†Œ ê¸¸ì´ ì„¤ì •]
	- Check result:	[0;31mERROR[0m
	- Suggestion:	10
	- Current:	


 7. [U-47|íŒ¨ìŠ¤ì›Œë“œ ìµœëŒ€ ì‚¬ìš©ê¸°ê°„ ì„¤ì •]
	- Check result:	[0;93mWARN[0m
	- Suggestion:	90
	- Current:	99999


 8. [U-48|íŒ¨ìŠ¤ì›Œë“œ ìµœì†Œ ì‚¬ìš©ê¸°ê°„ ì„¤ì •]
	- Check result:	[0;93mWARN[0m
	- Suggestion:	PASS_MIN_DAYS : 90
	- Current:	PASS_MIN_DAYS : 0


 9. [U-54|Session Timeout ì„¤ì •]
	- Check result:	[0;93mWARN:ì£¼ì„ ì²˜ë¦¬ í™•ì¸[0m
	- Suggestion:	Session timeout set.
			TMOUT<=300
	- Current:	


 10. [U-07|/etc/passwd íŒŒì¼ ì†Œìœ ì ë° ê¶Œí•œ ì„¤ì •]
	- Check result:	[0;92mSAFE[0m
	- Suggestion:	Set Permission 644 or less, Owner is root
	- Current:	Permission : 644
			Owner : root


 11. [U-08|/etc/shadow íŒŒì¼ ì†Œìœ ì ë° ê¶Œí•œ ì„¤ì •]
	- Check result:	[0;93mWARN[0m
	- Suggestion:	Set Permission 400, Owner is root
	- Current:	Permission : 0
			Owner : root


 12. [U-09|/etc/hosts íŒŒì¼ ì†Œìœ ì ë° ê¶Œí•œ ì„¤ì •]
	- Check result:	[0;93mWARN[0m
	- Suggestion:	Set Permission 600, Owner is root
	- Current:	Permission : 644
			Owner : root


 13. [U-10|(x)inetd.conf  íŒŒì¼ ì†Œìœ ì ë° ê¶Œí•œ ì„¤ì •]
	- Check result:	[0;92mSAFE[0m:ì„¤ì •íŒŒì¼ ì—†ìŒ
	- Suggestion:	Set Permission 600, Owner is root
	- Current:	Permission : 
			Owner : 


 14. [U-11|/etc/rsyslog.conf íŒŒì¼ ì†Œìœ ì ë° ê¶Œí•œ ì„¤ì •]
	- Check result:	[0;92mSAFE[0m
	- Suggestion:	Set Permission 644, Owner is root
	- Current:	Permission : 644
			Owner : root


 15. [U-12|/etc/services íŒŒì¼ ì†Œìœ ì ë° ê¶Œí•œ ì„¤ì •]
	- Check result:	[0;92mSAFE[0m
	- Suggestion:	Set Permission 644, Owner is root
	- Current:	Permission : 644
			Owner : root


 16. [U-14|ì‚¬ìš©ì, ì‹œìŠ¤í…œ ì‹œì‘íŒŒì¼ ë° í™˜ê²½íŒŒì¼ ì†Œìœ ì ë° ê¶Œí•œ ì„¤ì •]
	- Check result:	[0;93mWARN: /home/rocky/.bash_history ê¶Œí•œì´ 644ë¥¼ ì´ˆê³¼í•¨ (í˜„ì¬ ê¶Œí•œ: 777)[0m
	- Suggestion:	í™˜ê²½ë³€ìˆ˜ íŒŒì¼ ì†Œìœ ìê°€ root ë˜ëŠ” í•´ë‹¹ ì‚¬ìš©ìì´ê³ , ê¶Œí•œì´ 644 ì´í•˜
	- Current:	SAFE: /home/rocky/.bashrc (ì†Œìœ ì: rocky, ê¶Œí•œ: 644)
			SAFE: /home/rocky/.bash_profile (ì†Œìœ ì: rocky, ê¶Œí•œ: 644)
			SAFE: /home/rocky/.bash_logout (ì†Œìœ ì: rocky, ê¶Œí•œ: 644)
			WARN: /home/rocky/.bash_history ê¶Œí•œì´ 644ë¥¼ ì´ˆê³¼í•¨ (í˜„ì¬ ê¶Œí•œ: 777)
			


 17. [U-56|UMASK ì„¤ì • ê´€ë¦¬]
	- Check result:	[0;93mWARN:ê°’ì´ ì„¤ì •ë˜ì–´ìˆì§€ ì•Šê±°ë‚˜ ì£¼ì„ì²˜ë¦¬ ë˜ì–´ìˆìŒ[0m
	- Suggestion:	/etc/profile UMASK ê°’ì´ 022 ì´ìƒë¡œ ì„¤ì •
	- Current:	/etc/profile UMASK : 


 18. [U-20|Anonymous FTP ë¹„í™œì„±í™”]
	- Check result:	[0;93mWARN[0m
	- Suggestion:	/etc/passwd íŒŒì¼ì— ftp ê³„ì • ì‚­ì œ
	- Current:	/etc/passwd íŒŒì¼ì— ftp ê³„ì • ì¡´ì¬


