 1. [U-02|패스워드 복잡성 설정]
	- Check result:	
	- Suggestion:	minlen : 10
			dcredit : -1
			ucredit : -1
			lcredit : -1
			ocredit : -1
			
	- Befor:	minlen : 10
			dcredit : -1
			ucredit : -1
			lcredit : -1
			ocredit : -1
			
	- After:	minlen : 10
			dcredit : -1
			ucredit : -1
			lcredit : -1
			ocredit : -1
			


 1. [U-02|패스워드 복잡성 설정]
	- Check result:	
	- Suggestion:	minlen : 10
			dcredit : -1
			ucredit : -1
			lcredit : -1
			ocredit : -1
			
	- Befor:	minlen : 10
			dcredit : -1
			ucredit : -1
			lcredit : -1
			ocredit : -1
			
	- After:	minlen : 10
			dcredit : -1
			ucredit : -1
			lcredit : -1
			ocredit : -1
			


 1. [U-02|패스워드 복잡성 설정]
	- Check result:	
	- Suggestion:	minlen : 10
			dcredit : -1
			ucredit : -1
			lcredit : -1
			ocredit : -1
			
	- Befor:	minlen : 10
			dcredit : -1
			ucredit : -1
			lcredit : -1
			ocredit : -1
			
	- After:	minlen : 10
			dcredit : -1
			ucredit : -1
			lcredit : -1
			ocredit : -1
			


 1. [U-02|패스워드 복잡성 설정]
	- Check result:	
	- Suggestion:	minlen : 10
			dcredit : -1
			ucredit : -1
			lcredit : -1
			ocredit : -1
			
	- Befor:	minlen : 10
			dcredit : -1
			ucredit : -1
			lcredit : -1
			ocredit : -1
			
	- After:	minlen : 10
			dcredit : -1
			ucredit : -1
			lcredit : -1
			ocredit : -1
			


 1. [U-02|패스워드 복잡성 설정]
	- Check result:	
	- Suggestion:	minlen : 10
			dcredit : -1
			ucredit : -1
			lcredit : -1
			ocredit : -1
			
	- Befor:	minlen : 10
			dcredit : -1
			ucredit : -1
			lcredit : -1
			ocredit : -1
			
	- After:	minlen : 10
			dcredit : -1
			ucredit : -1
			lcredit : -1
			ocredit : -1
			


 2. [U-03|계정 잠금 임계값 설정]
	- Check result:	FIX
	- Suggestion:	5
	- Befor:	3
	- After:	3


 1. [U-02|패스워드 복잡성 설정]
	- Check result:	
	- Suggestion:	minlen : 10
			dcredit : -1
			ucredit : -1
			lcredit : -1
			ocredit : -1
			
	- Befor:	minlen : 10
			dcredit : -1
			ucredit : -1
			lcredit : -1
			ocredit : -1
			
	- After:	minlen : 10
			dcredit : -1
			ucredit : -1
			lcredit : -1
			ocredit : -1
			


 2. [U-03|계정 잠금 임계값 설정]
	- Check result:	FIX
	- Suggestion:	5
	- Befor:	3
	- After:	3


 1. [U-02|패스워드 복잡성 설정]
	- Check result:	
	- Suggestion:	minlen : 10
			dcredit : -1
			ucredit : -1
			lcredit : -1
			ocredit : -1
			
	- Befor:	minlen : 10
			dcredit : -1
			ucredit : -1
			lcredit : -1
			ocredit : -1
			
	- After:	minlen : 10
			dcredit : -1
			ucredit : -1
			lcredit : -1
			ocredit : -1
			


 2. [U-03|계정 잠금 임계값 설정]
	- Check result:	FIX
	- Suggestion:	5
	- Befor:	3
	- After:	3


 1. [U-02|패스워드 복잡성 설정]
	- Check result:	
	- Suggestion:	minlen : 10
			dcredit : -1
			ucredit : -1
			lcredit : -1
			ocredit : -1
			
	- Befor:	minlen : 10
			dcredit : -1
			ucredit : -1
			lcredit : -1
			ocredit : -1
			
	- After:	minlen : 10
			dcredit : -1
			ucredit : -1
			lcredit : -1
			ocredit : -1
			


 2. [U-03|계정 잠금 임계값 설정]
	- Check result:	FIX
	- Suggestion:	5
	- Befor:	3
	- After:	3


 1. [U-02|패스워드 복잡성 설정]
	- Check result:	
	- Suggestion:	minlen : 10
			dcredit : -1
			ucredit : -1
			lcredit : -1
			ocredit : -1
			
	- Befor:	minlen : 10
			dcredit : -1
			ucredit : -1
			lcredit : -1
			ocredit : -1
			
	- After:	minlen : 10
			dcredit : -1
			ucredit : -1
			lcredit : -1
			ocredit : -1
			


 2. [U-03|계정 잠금 임계값 설정]
	- Check result:	FIX
	- Suggestion:	5
	- Befor:	3
	- After:	3


 1. [U-02|패스워드 복잡성 설정]
	- Check result:	
	- Suggestion:	minlen : 10
			dcredit : -1
			ucredit : -1
			lcredit : -1
			ocredit : -1
			
	- Befor:	minlen : 10
			dcredit : -1
			ucredit : -1
			lcredit : -1
			ocredit : -1
			
	- After:	minlen : 10
			dcredit : -1
			ucredit : -1
			lcredit : -1
			ocredit : -1
			


 2. [U-03|계정 잠금 임계값 설정]
	- Check result:	FIX
	- Suggestion:	5
	- Befor:	3
	- After:	5


 1. [U-02|패스워드 복잡성 설정]
	- Check result:	
	- Suggestion:	minlen : 10
			dcredit : -1
			ucredit : -1
			lcredit : -1
			ocredit : -1
			
	- Befor:	minlen : 10
			dcredit : -1
			ucredit : -1
			lcredit : -1
			ocredit : -1
			
	- After:	minlen : 10
			dcredit : -1
			ucredit : -1
			lcredit : -1
			ocredit : -1
			


 2. [U-03|계정 잠금 임계값 설정]
	- Check result:	[0;31mNOT FIX[0m
	- Suggestion:	5
	- Befor:	5
	- After:	5


 1. [U-02|패스워드 복잡성 설정]
	- Check result:	
	- Suggestion:	minlen : 10
			dcredit : -1
			ucredit : -1
			lcredit : -1
			ocredit : -1
			
	- Befor:	minlen : 10
			dcredit : -1
			ucredit : -1
			lcredit : -1
			ocredit : -1
			
	- After:	minlen : 10
			dcredit : -1
			ucredit : -1
			lcredit : -1
			ocredit : -1
			


 2. [U-03|계정 잠금 임계값 설정]
	- Check result:	[0;31mNOT FIX[0m
	- Suggestion:	5
	- Befor:	5
	- After:	5


 1. [U-02|패스워드 복잡성 설정]
	- Check result:	
	- Suggestion:	minlen : 10
			dcredit : -1
			ucredit : -1
			lcredit : -1
			ocredit : -1
			
	- Befor:	minlen : 10
			dcredit : -1
			ucredit : -1
			lcredit : -1
			ocredit : -1
			
	- After:	minlen : 10
			dcredit : -1
			ucredit : -1
			lcredit : -1
			ocredit : -1
			


 2. [U-03|계정 잠금 임계값 설정]
	- Check result:	[0;31mNOT FIX[0m
	- Suggestion:	5
	- Befor:	5
	- After:	5


 1. [U-02|패스워드 복잡성 설정]
	- Check result:	
	- Suggestion:	minlen : 10
			dcredit : -1
			ucredit : -1
			lcredit : -1
			ocredit : -1
			
	- Befor:	minlen : 10
			dcredit : -1
			ucredit : -1
			lcredit : -1
			ocredit : -1
			
	- After:	minlen : 10
			dcredit : -1
			ucredit : -1
			lcredit : -1
			ocredit : -1
			


 2. [U-03|계정 잠금 임계값 설정]
	- Check result:	[0;92mSAFE[0m
	- Suggestion:	5
	- Befor:	5
	- After:	5


 1. [U-02|패스워드 복잡성 설정]
	- Check result:	
	- Suggestion:	minlen : 10
			dcredit : -1
			ucredit : -1
			lcredit : -1
			ocredit : -1
			
	- Befor:	minlen : 10
			dcredit : -1
			ucredit : -1
			lcredit : -1
			ocredit : -1
			
	- After:	minlen : 10
			dcredit : -1
			ucredit : -1
			lcredit : -1
			ocredit : -1
			


 2. [U-03|계정 잠금 임계값 설정]
	- Check result:	[0;92mFIX[0m
	- Suggestion:	5
	- Befor:	10
	- After:	5


 1. [U-02|패스워드 복잡성 설정]
	- Check result:	
	- Suggestion:	minlen : 10
			dcredit : -1
			ucredit : -1
			lcredit : -1
			ocredit : -1
			
	- Befor:	minlen : 10
			dcredit : -1
			ucredit : -1
			lcredit : -1
			ocredit : -1
			
	- After:	minlen : 10
			dcredit : -1
			ucredit : -1
			lcredit : -1
			ocredit : -1
			


 2. [U-03|계정 잠금 임계값 설정]
	- Check result:	[0;92mFIX[0m
	- Suggestion:	5
	- Befor:	
	- After:	5


 1. [U-02|패스워드 복잡성 설정]
	- Check result:	[0;92mFIX[0m
	- Suggestion:	minlen : 10
			dcredit : -1
			ucredit : -1
			lcredit : -1
			ocredit : -1
			
	- Befor:	minlen : 10
			dcredit : -1
			ucredit : -1
			lcredit : -1
			ocredit : -1
			
	- After:	minlen : 10
			dcredit : -1
			ucredit : -1
			lcredit : -1
			ocredit : -1
			


 2. [U-03|계정 잠금 임계값 설정]
	- Check result:	[0;92mSAFE[0m
	- Suggestion:	5
	- Befor:	5
	- After:	5


 1. [U-02|패스워드 복잡성 설정]
	- Check result:	[0;92mFIX[0m
	- Suggestion:	minlen : 10
			dcredit : -1
			ucredit : -1
			lcredit : -1
			ocredit : -1
			
	- Befor:	minlen : 10
			dcredit : -1
			ucredit : -1
			lcredit : -1
			ocredit : -1
			
	- After:	minlen : 10
			dcredit : -1
			ucredit : -1
			lcredit : -1
			ocredit : -1
			


 2. [U-03|계정 잠금 임계값 설정]
	- Check result:	[0;92mSAFE[0m
	- Suggestion:	5
	- Befor:	5
	- After:	5


 1. [U-02|패스워드 복잡성 설정]
	- Check result:	[0;92mFIX[0m
	- Suggestion:	minlen : 10
			dcredit : -1
			ucredit : -1
			lcredit : -1
			ocredit : -1
			
	- Befor:	minlen : 10
			dcredit : -1
			ucredit : -1
			lcredit : -1
			ocredit : -1
			
	- After:	minlen : 10
			dcredit : -1
			ucredit : -1
			lcredit : -1
			ocredit : -1
			


 2. [U-03|계정 잠금 임계값 설정]
	- Check result:	[0;92mSAFE[0m
	- Suggestion:	5
	- Befor:	5
	- After:	5


 1. [U-02|패스워드 복잡성 설정]
	- Check result:	[0;92mFIX[0m
	- Suggestion:	minlen : 10
			dcredit : -1
			ucredit : -1
			lcredit : -1
			ocredit : -1
			
	- Befor:	minlen : 10
			dcredit : -1
			ucredit : -1
			lcredit : -1
			ocredit : -1
			
	- After:	minlen : 10
			dcredit : -1
			ucredit : -1
			lcredit : -1
			ocredit : -1
			


 2. [U-03|계정 잠금 임계값 설정]
	- Check result:	[0;92mSAFE[0m
	- Suggestion:	5
	- Befor:	5
	- After:	5


 1. [U-02|패스워드 복잡성 설정]
	- Check result:	[0;92mFIX[0m
	- Suggestion:	minlen : 10
			dcredit : -1
			ucredit : -1
			lcredit : -1
			ocredit : -1
			
	- Befor:	minlen : 10
			dcredit : -1
			ucredit : -1
			lcredit : -1
			ocredit : -1
			
	- After:	minlen : 10
			dcredit : -1
			ucredit : -1
			lcredit : -1
			ocredit : -1
			


 2. [U-03|계정 잠금 임계값 설정]
	- Check result:	[0;92mSAFE[0m
	- Suggestion:	5
	- Befor:	5
	- After:	5


 1. [U-02|패스워드 복잡성 설정]
	- Check result:	[0;92mFIX[0m
	- Suggestion:	minlen : 10
			dcredit : -1
			ucredit : -1
			lcredit : -1
			ocredit : -1
			
	- Befor:	minlen : 10
			dcredit : -1
			ucredit : -1
			lcredit : -1
			ocredit : -1
			
	- After:	minlen : 10
			dcredit : -1
			ucredit : -1
			lcredit : -1
			ocredit : -1
			


 2. [U-03|계정 잠금 임계값 설정]
	- Check result:	[0;92mSAFE[0m
	- Suggestion:	5
	- Befor:	5
	- After:	5


 1. [U-02|패스워드 복잡성 설정]
	- Check result:	[0;92mSAFE[0m
	- Suggestion:	minlen : 10
			dcredit : -1
			ucredit : -1
			lcredit : -1
			ocredit : -1
			
	- Befor:	minlen : 10
			dcredit : -1
			ucredit : -1
			lcredit : -1
			ocredit : -1
			
	- After:	minlen : 10
			dcredit : -1
			ucredit : -1
			lcredit : -1
			ocredit : -1
			


 2. [U-03|계정 잠금 임계값 설정]
	- Check result:	[0;92mSAFE[0m
	- Suggestion:	5
	- Befor:	5
	- After:	5


 1. [U-02|패스워드 복잡성 설정]
	- Check result:	[0;92mSAFE[0m
	- Suggestion:	minlen : 10
			dcredit : -1
			ucredit : -1
			lcredit : -1
			ocredit : -1
			
	- Befor:	minlen : 10
			dcredit : -1
			ucredit : -1
			lcredit : -1
			ocredit : -1
			
	- After:	minlen : 10
			dcredit : -1
			ucredit : -1
			lcredit : -1
			ocredit : -1
			


 2. [U-03|계정 잠금 임계값 설정]
	- Check result:	[0;92mSAFE[0m
	- Suggestion:	5
	- Befor:	5
	- After:	5


 1. [U-02|패스워드 복잡성 설정]
	- Check result:	[0;92mSAFE[0m
	- Suggestion:	minlen : 10
			dcredit : -1
			ucredit : -1
			lcredit : -1
			ocredit : -1
			
	- Befor:	minlen : 10
			dcredit : -1
			ucredit : -1
			lcredit : -1
			ocredit : -1
			
	- After:	minlen : 10
			dcredit : -1
			ucredit : -1
			lcredit : -1
			ocredit : -1
			


 2. [U-03|계정 잠금 임계값 설정]
	- Check result:	[0;92mSAFE[0m
	- Suggestion:	5
	- Befor:	5
	- After:	5


 1. [U-02|패스워드 복잡성 설정]
	- Check result:	[0;92mSAFE[0m
	- Suggestion:	minlen : 10
			dcredit : -1
			ucredit : -1
			lcredit : -1
			ocredit : -1
			
	- Befor:	minlen : 10
			dcredit : -1
			ucredit : -1
			lcredit : -1
			ocredit : -1
			
	- After:	minlen : 10
			dcredit : -1
			ucredit : -1
			lcredit : -1
			ocredit : -1
			


 2. [U-03|계정 잠금 임계값 설정]
	- Check result:	[0;92mSAFE[0m
	- Suggestion:	5
	- Befor:	5
	- After:	5


 1. [U-02|패스워드 복잡성 설정]
	- Check result:	[0;92mSAFE[0m
	- Suggestion:	minlen : 10
			dcredit : -1
			ucredit : -1
			lcredit : -1
			ocredit : -1
			
	- Befor:	minlen : 10
			dcredit : -1
			ucredit : -1
			lcredit : -1
			ocredit : -1
			
	- After:	minlen : 10
			dcredit : -1
			ucredit : -1
			lcredit : -1
			ocredit : -1
			


 2. [U-03|계정 잠금 임계값 설정]
	- Check result:	[0;92mSAFE[0m
	- Suggestion:	5
	- Befor:	5
	- After:	5


 1. [U-02|패스워드 복잡성 설정]
	- Check result:	[0;92mSAFE[0m
	- Suggestion:	minlen : 10
			dcredit : -1
			ucredit : -1
			lcredit : -1
			ocredit : -1
			
	- Befor:	minlen : 10
			dcredit : -1
			ucredit : -1
			lcredit : -1
			ocredit : -1
			
	- After:	minlen : 10
			dcredit : -1
			ucredit : -1
			lcredit : -1
			ocredit : -1
			


 2. [U-03|계정 잠금 임계값 설정]
	- Check result:	[0;92mSAFE[0m
	- Suggestion:	5
	- Befor:	5
	- After:	5


 1. [U-02|패스워드 복잡성 설정]
	- Check result:	[0;92mSAFE[0m
	- Suggestion:	minlen : 10
			dcredit : -1
			ucredit : -1
			lcredit : -1
			ocredit : -1
			
	- Befor:	minlen : 10
			dcredit : -1
			ucredit : -1
			lcredit : -1
			ocredit : -1
			
	- After:	minlen : 10
			dcredit : -1
			ucredit : -1
			lcredit : -1
			ocredit : -1
			


 2. [U-03|계정 잠금 임계값 설정]
	- Check result:	[0;92mSAFE[0m
	- Suggestion:	5
	- Befor:	5
	- After:	5


 1. [U-02|패스워드 복잡성 설정]
	- Check result:	[0;92mSAFE[0m
	- Suggestion:	minlen : 10
			dcredit : -1
			ucredit : -1
			lcredit : -1
			ocredit : -1
			
	- Befor:	minlen : 10
			dcredit : -1
			ucredit : -1
			lcredit : -1
			ocredit : -1
			
	- After:	minlen : 10
			dcredit : -1
			ucredit : -1
			lcredit : -1
			ocredit : -1
			


 2. [U-03|계정 잠금 임계값 설정]
	- Check result:	[0;92mSAFE[0m
	- Suggestion:	5
	- Befor:	5
	- After:	5


 1. [U-02|패스워드 복잡성 설정]
	- Check result:	[0;92mSAFE[0m
	- Suggestion:	minlen : 10
			dcredit : -1
			ucredit : -1
			lcredit : -1
			ocredit : -1
			
	- Befor:	minlen : 10
			dcredit : -1
			ucredit : -1
			lcredit : -1
			ocredit : -1
			
	- After:	minlen : 10
			dcredit : -1
			ucredit : -1
			lcredit : -1
			ocredit : -1
			


 2. [U-03|계정 잠금 임계값 설정]
	- Check result:	[0;92mSAFE[0m
	- Suggestion:	5
	- Befor:	5
	- After:	5


 1. [U-02|패스워드 복잡성 설정]
	- Check result:	[0;92mSAFE[0m
	- Suggestion:	minlen : 10
			dcredit : -1
			ucredit : -1
			lcredit : -1
			ocredit : -1
			
	- Befor:	minlen : 10
			dcredit : -1
			ucredit : -1
			lcredit : -1
			ocredit : -1
			
	- After:	minlen : 10
			dcredit : -1
			ucredit : -1
			lcredit : -1
			ocredit : -1
			


 2. [U-03|계정 잠금 임계값 설정]
	- Check result:	[0;92mSAFE[0m
	- Suggestion:	5
	- Befor:	5
	- After:	5


 1. [U-02|패스워드 복잡성 설정]
	- Check result:	[0;92mSAFE[0m
	- Suggestion:	minlen : 10
			dcredit : -1
			ucredit : -1
			lcredit : -1
			ocredit : -1
			
	- Befor:	minlen : 10
			dcredit : -1
			ucredit : -1
			lcredit : -1
			ocredit : -1
			
	- After:	minlen : 10
			dcredit : -1
			ucredit : -1
			lcredit : -1
			ocredit : -1
			


 2. [U-03|계정 잠금 임계값 설정]
	- Check result:	[0;92mSAFE[0m
	- Suggestion:	5
	- Befor:	5
	- After:	5


 1. [U-02|패스워드 복잡성 설정]
	- Check result:	[0;92mSAFE[0m
	- Suggestion:	minlen : 10
			dcredit : -1
			ucredit : -1
			lcredit : -1
			ocredit : -1
			
	- Befor:	minlen : 10
			dcredit : -1
			ucredit : -1
			lcredit : -1
			ocredit : -1
			
	- After:	minlen : 10
			dcredit : -1
			ucredit : -1
			lcredit : -1
			ocredit : -1
			


 2. [U-03|계정 잠금 임계값 설정]
	- Check result:	[0;92mSAFE[0m
	- Suggestion:	5
	- Befor:	5
	- After:	5


 1. [U-02|패스워드 복잡성 설정]
	- Check result:	[0;92mSAFE[0m
	- Suggestion:	minlen : 10
			dcredit : -1
			ucredit : -1
			lcredit : -1
			ocredit : -1
			
	- Befor:	minlen : 10
			dcredit : -1
			ucredit : -1
			lcredit : -1
			ocredit : -1
			
	- After:	minlen : 10
			dcredit : -1
			ucredit : -1
			lcredit : -1
			ocredit : -1
			


 2. [U-03|계정 잠금 임계값 설정]
	- Check result:	[0;92mSAFE[0m
	- Suggestion:	5
	- Befor:	5
	- After:	5


 1. [U-02|패스워드 복잡성 설정]
	- Check result:	[0;92mSAFE[0m
	- Suggestion:	minlen : 10
			dcredit : -1
			ucredit : -1
			lcredit : -1
			ocredit : -1
			
	- Befor:	minlen : 10
			dcredit : -1
			ucredit : -1
			lcredit : -1
			ocredit : -1
			
	- After:	minlen : 10
			dcredit : -1
			ucredit : -1
			lcredit : -1
			ocredit : -1
			


 2. [U-03|계정 잠금 임계값 설정]
	- Check result:	[0;92mSAFE[0m
	- Suggestion:	5
	- Befor:	5
	- After:	5


 1. [U-02|패스워드 복잡성 설정]
	- Check result:	[0;92mSAFE[0m
	- Suggestion:	minlen : 10
			dcredit : -1
			ucredit : -1
			lcredit : -1
			ocredit : -1
			
	- Befor:	minlen : 10
			dcredit : -1
			ucredit : -1
			lcredit : -1
			ocredit : -1
			
	- After:	minlen : 10
			dcredit : -1
			ucredit : -1
			lcredit : -1
			ocredit : -1
			


 2. [U-03|계정 잠금 임계값 설정]
	- Check result:	[0;92mSAFE[0m
	- Suggestion:	5
	- Befor:	5
	- After:	5


 1. [U-02|패스워드 복잡성 설정]
	- Check result:	[0;92mSAFE[0m
	- Suggestion:	minlen : 10
			dcredit : -1
			ucredit : -1
			lcredit : -1
			ocredit : -1
			
	- Befor:	minlen : 10
			dcredit : -1
			ucredit : -1
			lcredit : -1
			ocredit : -1
			
	- After:	minlen : 10
			dcredit : -1
			ucredit : -1
			lcredit : -1
			ocredit : -1
			


 2. [U-03|계정 잠금 임계값 설정]
	- Check result:	[0;92mSAFE[0m
	- Suggestion:	5
	- Befor:	5
	- After:	5


 1. [U-02|패스워드 복잡성 설정]
	- Check result:	[0;92mSAFE[0m
	- Suggestion:	minlen : 10
			dcredit : -1
			ucredit : -1
			lcredit : -1
			ocredit : -1
			
	- Befor:	minlen : 10
			dcredit : -1
			ucredit : -1
			lcredit : -1
			ocredit : -1
			
	- After:	minlen : 10
			dcredit : -1
			ucredit : -1
			lcredit : -1
			ocredit : -1
			


 2. [U-03|계정 잠금 임계값 설정]
	- Check result:	[0;92mSAFE[0m
	- Suggestion:	5
	- Befor:	5
	- After:	5


 1. [U-02|패스워드 복잡성 설정]
	- Check result:	[0;92mSAFE[0m
	- Suggestion:	minlen : 10
			dcredit : -1
			ucredit : -1
			lcredit : -1
			ocredit : -1
			
	- Befor:	minlen : 10
			dcredit : -1
			ucredit : -1
			lcredit : -1
			ocredit : -1
			
	- After:	minlen : 10
			dcredit : -1
			ucredit : -1
			lcredit : -1
			ocredit : -1
			


 2. [U-03|계정 잠금 임계값 설정]
	- Check result:	[0;92mSAFE[0m
	- Suggestion:	5
	- Befor:	5
	- After:	5


 1. [U-02|패스워드 복잡성 설정]
	- Check result:	[0;92mSAFE[0m
	- Suggestion:	minlen : 10
			dcredit : -1
			ucredit : -1
			lcredit : -1
			ocredit : -1
			
	- Befor:	minlen : 10
			dcredit : -1
			ucredit : -1
			lcredit : -1
			ocredit : -1
			
	- After:	minlen : 10
			dcredit : -1
			ucredit : -1
			lcredit : -1
			ocredit : -1
			


 2. [U-03|계정 잠금 임계값 설정]
	- Check result:	[0;92mSAFE[0m
	- Suggestion:	5
	- Befor:	5
	- After:	5


 1. [U-02|패스워드 복잡성 설정]
	- Check result:	[0;92mSAFE[0m
	- Suggestion:	minlen : 10
			dcredit : -1
			ucredit : -1
			lcredit : -1
			ocredit : -1
			
	- Befor:	minlen : 10
			dcredit : -1
			ucredit : -1
			lcredit : -1
			ocredit : -1
			
	- After:	minlen : 10
			dcredit : -1
			ucredit : -1
			lcredit : -1
			ocredit : -1
			


 2. [U-03|계정 잠금 임계값 설정]
	- Check result:	[0;92mSAFE[0m
	- Suggestion:	5
	- Befor:	5
	- After:	5


 1. [U-02|패스워드 복잡성 설정]
	- Check result:	[0;92mSAFE[0m
	- Suggestion:	minlen : 10
			dcredit : -1
			ucredit : -1
			lcredit : -1
			ocredit : -1
			
	- Befor:	minlen : 10
			dcredit : -1
			ucredit : -1
			lcredit : -1
			ocredit : -1
			
	- After:	minlen : 10
			dcredit : -1
			ucredit : -1
			lcredit : -1
			ocredit : -1
			


 2. [U-03|계정 잠금 임계값 설정]
	- Check result:	[0;92mSAFE[0m
	- Suggestion:	5
	- Befor:	5
	- After:	5


 1. [U-45|root 계정 su 제한]
	- Check result:	[0;92mFIX[0m
	- Suggestion:	auth		required		pam_wheel.so use_uid
	- Befor:	[0;34mThe wheel group exists.[0m[0;34m
			pam_wheel.so configuration set[0m
	- After:	grep


 1. [U-45|root 계정 su 제한]
	- Check result:	[0;92mFIX[0m
	- Suggestion:	auth		required		pam_wheel.so use_uid
	- Befor:	[0;34mThe wheel group exists.[0m[0;34m
			pam_wheel.so configuration set[0m
	- After:	auth		required		pam_wheel.so use_uid


 1. [U-45|root 계정 su 제한]
	- Check result:	[0;92mFIX[0m
	- Suggestion:	auth		required		pam_wheel.so use_uid
	- Befor:	
	- After:	auth		required		pam_wheel.so use_uid


 1. [U-45|root 계정 su 제한]
	- Check result:	[0;92mFIX[0m
	- Suggestion:	auth		required		pam_wheel.so use_uid
	- Befor:	auth		required		pam_wheel.so use_uid
	- After:	auth		required		pam_wheel.so use_uid


 1. [U-45|root 계정 su 제한]
	- Check result:	[0;92mFIX[0m
	- Suggestion:	auth		required		pam_wheel.so use_uid
	- Befor:	auth		required		pam_wheel.so use_uid
	- After:	auth		required		pam_wheel.so use_uid


 1. [U-45|root 계정 su 제한]
	- Check result:	[0;92mFIX[0m
	- Suggestion:	auth		required		pam_wheel.so use_uid
	- Befor:	auth		required		pam_wheel.so use_uid
	- After:	auth		required		pam_wheel.so use_uid


 1. [U-45|root 계정 su 제한]
	- Check result:	[0;31mNOT FIX[0m
	- Suggestion:	auth		required		pam_wheel.so use_uid
	- Befor:	auth		required		pam_wheel.so use_uid
	- After:	auth		required		pam_wheel.so use_uid


