 1. [U-01|root ê³„ì • ì›ê²© ì ‘ì† ì œí•œ]
	- Check result:	ERROR:ì„¤ì •íŒŒì¼ ì—†ìŒ
	- Suggestion:	Set PermitRootLogin no or Comment
	- Current:	


 2. [U-02|íŒ¨ìŠ¤ì›Œë“œ ë³µì¡ì„± ì„¤ì •]
	- Check result:	[0;93mWARN:ì£¼ì„ ì²˜ë¦¬ í™•ì¸[0m
	- Suggestion:	minlen : 10
			dcredit : -1
			ucredit : -1
			lcredit : -1
			ocredit : -1
			
	- Current:	


 3. [U-03|ê³„ì • ì ê¸ˆ ì„ê³„ê°’ ì„¤ì •]
	- Check result:	[0;93mWARN:ì£¼ì„ ì²˜ë¦¬ í™•ì¸[0m
	- Suggestion:	5
	- Current:	


 4. [U-04|íŒ¨ìŠ¤ì›Œë“œ íŒŒì¼ ë³´í˜¸]
	- Check result:	[0;92mSAFE[0m
	- Suggestion:	28
	- Current:	28


 5. [U-45|root ê³„ì • su ì œí•œ]
	- Check result:	[0;93mWARN[0m
	- Suggestion:	The wheel group exists.
			pam_wheel.so configuration set
	- Current:	The wheel group does not exist.


 6. [U-46|íŒ¨ìŠ¤ì›Œë“œ ìµœì†Œ ê¸¸ì´ ì„¤ì •]
	- Check result:	[0;31mERROR[0m
	- Suggestion:	10
	- Current:	


 7. [U-47|íŒ¨ìŠ¤ì›Œë“œ ìµœëŒ€ ì‚¬ìš©ê¸°ê°„ ì„¤ì •]
	- Check result:	[0;93mWARN[0m
	- Suggestion:	90
	- Current:	99999


 8. [U-48|íŒ¨ìŠ¤ì›Œë“œ ìµœì†Œ ì‚¬ìš©ê¸°ê°„ ì„¤ì •]
	- Check result:	[0;93mWARN[0m
	- Suggestion:	PASS_MIN_DAYS : 90
	- Current:	PASS_MIN_DAYS : 0


 9. [U-54|Session Timeout ì„¤ì •]
	- Check result:	[0;93mWARN:ì£¼ì„ ì²˜ë¦¬ í™•ì¸[0m
	- Suggestion:	Session timeout set.
			TMOUT<=300
	- Current:	


 10. [U-07|/etc/passwd íŒŒì¼ ì†Œìœ ì ë° ê¶Œí•œ ì„¤ì •]
	- Check result:	[0;92mSAFE[0m
	- Suggestion:	Set Permission 644 or less, Owner is root
	- Current:	Permission : 644
			Owner : root


 11. [U-08|/etc/shadow íŒŒì¼ ì†Œìœ ì ë° ê¶Œí•œ ì„¤ì •]
	- Check result:	[0;93mWARN[0m
	- Suggestion:	Set Permission 400, Owner is root
	- Current:	Permission : 640
			Owner : root


 12. [U-09|/etc/hosts íŒŒì¼ ì†Œìœ ì ë° ê¶Œí•œ ì„¤ì •]
	- Check result:	[0;93mWARN[0m
	- Suggestion:	Set Permission 600, Owner is root
	- Current:	Permission : 644
			Owner : root


